::1 - - [18/Nov/2023:00:33:51 +0000] "POST /api/users/ HTTP/1.1" 500 822 "-" "PostmanRuntime/7.35.0"
::1 - - [18/Nov/2023:00:35:12 +0000] "POST /api/users/ HTTP/1.1" 500 822 "-" "PostmanRuntime/7.35.0"
::1 - - [18/Nov/2023:00:35:19 +0000] "POST /api/users/ HTTP/1.1" 500 822 "-" "PostmanRuntime/7.35.0"
::1 - - [18/Nov/2023:00:36:00 +0000] "POST /api/users/ HTTP/1.1" 500 822 "-" "PostmanRuntime/7.35.0"
::1 - - [18/Nov/2023:00:36:06 +0000] "POST /api/users/ HTTP/1.1" 500 822 "-" "PostmanRuntime/7.35.0"
::1 - - [18/Nov/2023:00:37:31 +0000] "POST /api/users/ HTTP/1.1" 500 822 "-" "PostmanRuntime/7.35.0"
::1 - - [18/Nov/2023:00:37:44 +0000] "POST /api/users/ HTTP/1.1" 500 1011 "-" "PostmanRuntime/7.35.0"
::1 - - [18/Nov/2023:00:38:47 +0000] "POST /api/users/ HTTP/1.1" 500 822 "-" "PostmanRuntime/7.35.0"
::1 - - [18/Nov/2023:00:39:39 +0000] "POST /api/users/ HTTP/1.1" 500 822 "-" "PostmanRuntime/7.35.0"
::1 - - [18/Nov/2023:00:40:13 +0000] "POST /api/users/ HTTP/1.1" 500 822 "-" "PostmanRuntime/7.35.0"
::1 - - [18/Nov/2023:00:40:58 +0000] "POST /api/users/ HTTP/1.1" 500 822 "-" "PostmanRuntime/7.35.0"
::1 - - [18/Nov/2023:00:41:31 +0000] "POST /api/users/ HTTP/1.1" 500 1011 "-" "PostmanRuntime/7.35.0"
::1 - - [18/Nov/2023:00:42:37 +0000] "POST /api/users/ HTTP/1.1" 201 1080 "-" "PostmanRuntime/7.35.0"
::1 - - [18/Nov/2023:00:43:13 +0000] "POST /api/users/ HTTP/1.1" 500 822 "-" "PostmanRuntime/7.35.0"
::1 - - [18/Nov/2023:00:43:21 +0000] "POST /api/users/ HTTP/1.1" 201 1080 "-" "PostmanRuntime/7.35.0"
::1 - - [18/Nov/2023:00:44:52 +0000] "POST /api/users/ HTTP/1.1" 201 416 "-" "PostmanRuntime/7.35.0"
::1 - - [18/Nov/2023:00:46:37 +0000] "POST /api/auth/login HTTP/1.1" 200 1301 "-" "PostmanRuntime/7.35.0"
::1 - - [18/Nov/2023:00:48:01 +0000] "POST /api/auth/login HTTP/1.1" 200 1301 "-" "PostmanRuntime/7.35.0"
::1 - - [18/Nov/2023:00:51:26 +0000] "POST /api/auth/login HTTP/1.1" 200 1301 "-" "PostmanRuntime/7.35.0"
::1 - - [18/Nov/2023:00:52:35 +0000] "POST /api/auth/refresh HTTP/1.1" 200 594 "-" "PostmanRuntime/7.35.0"
::1 - - [18/Nov/2023:00:55:46 +0000] "GET /api/auth/logout HTTP/1.1" 500 1787 "-" "PostmanRuntime/7.35.0"
::1 - - [18/Nov/2023:00:56:03 +0000] "POST /api/auth/logout HTTP/1.1" 500 1787 "-" "PostmanRuntime/7.35.0"
::1 - - [18/Nov/2023:00:58:42 +0000] "GET /api/auth/logout HTTP/1.1" 500 1787 "-" "PostmanRuntime/7.35.0"
::1 - - [18/Nov/2023:00:58:52 +0000] "GET /api/auth/logout HTTP/1.1" 500 1787 "-" "PostmanRuntime/7.35.0"
::1 - - [18/Nov/2023:00:59:57 +0000] "GET /api/auth/logout HTTP/1.1" 200 89 "-" "PostmanRuntime/7.35.0"
::1 - - [18/Nov/2023:01:01:40 +0000] "GET /api/auth/logout HTTP/1.1" 200 111 "-" "PostmanRuntime/7.35.0"
